# JRE version: OpenJDK Runtime Environment (8.0_76-b03) (build 1.8.0_76-release-b03)
# Java VM: OpenJDK 64-Bit Server VM (25.76-b03 mixed mode linux-amd64 compressed oops)
Heap:
 PSYoungGen      total 466944K, used 334900K [0x00000000e0000000, 0x00000000ffd80000, 0x0000000100000000)
  eden space 465408K, 71% used [0x00000000e0000000,0x00000000f470d108,0x00000000fc680000)
  from space 1536K, 0% used [0x00000000fc680000,0x00000000fc680000,0x00000000fc800000)
  to   space 28160K, 0% used [0x00000000fe200000,0x00000000fe200000,0x00000000ffd80000)
 ParOldGen       total 141824K, used 32992K [0x00000000a0000000, 0x00000000a8a80000, 0x00000000e0000000)
  object space 141824K, 23% used [0x00000000a0000000,0x00000000a2038118,0x00000000a8a80000)
 Metaspace       used 62637K, capacity 64926K, committed 65152K, reserved 1105920K
  class space    used 7874K, capacity 8249K, committed 8320K, reserved 1048576K
GC Heap History (10 events):
Event: 443,686 GC heap before
{Heap before GC invocations=16 (full 5):
 PSYoungGen      total 409088K, used 379904K [0x00000000e0000000, 0x00000000fad00000, 0x0000000100000000)
  eden space 379904K, 100% used [0x00000000e0000000,0x00000000f7300000,0x00000000f7300000)
  from space 29184K, 0% used [0x00000000f9080000,0x00000000f9080000,0x00000000fad00000)
  to   space 29696K, 0% used [0x00000000f7300000,0x00000000f7300000,0x00000000f9000000)
 ParOldGen       total 141824K, used 32557K [0x00000000a0000000, 0x00000000a8a80000, 0x00000000e0000000)
  object space 141824K, 22% used [0x00000000a0000000,0x00000000a1fcb5f8,0x00000000a8a80000)
 Metaspace       used 61667K, capacity 63674K, committed 63744K, reserved 1105920K
  class space    used 7825K, capacity 8180K, committed 8192K, reserved 1048576K
Event: 443,693 GC heap after
Heap after GC invocations=16 (full 5):
 PSYoungGen      total 409600K, used 6320K [0x00000000e0000000, 0x00000000ffe80000, 0x0000000100000000)
  eden space 379904K, 0% used [0x00000000e0000000,0x00000000e0000000,0x00000000f7300000)
  from space 29696K, 21% used [0x00000000f7300000,0x00000000f792c020,0x00000000f9000000)
  to   space 28672K, 0% used [0x00000000fe280000,0x00000000fe280000,0x00000000ffe80000)
 ParOldGen       total 141824K, used 32565K [0x00000000a0000000, 0x00000000a8a80000, 0x00000000e0000000)
  object space 141824K, 22% used [0x00000000a0000000,0x00000000a1fcd5f8,0x00000000a8a80000)
 Metaspace       used 61667K, capacity 63674K, committed 63744K, reserved 1105920K
  class space    used 7825K, capacity 8180K, committed 8192K, reserved 1048576K
}
Event: 443,828 GC heap before
{Heap before GC invocations=17 (full 5):
 PSYoungGen      total 409600K, used 54603K [0x00000000e0000000, 0x00000000ffe80000, 0x0000000100000000)
  eden space 379904K, 12% used [0x00000000e0000000,0x00000000e2f26d08,0x00000000f7300000)
  from space 29696K, 21% used [0x00000000f7300000,0x00000000f792c020,0x00000000f9000000)
  to   space 28672K, 0% used [0x00000000fe280000,0x00000000fe280000,0x00000000ffe80000)
 ParOldGen       total 141824K, used 32565K [0x00000000a0000000, 0x00000000a8a80000, 0x00000000e0000000)
  object space 141824K, 22% used [0x00000000a0000000,0x00000000a1fcd5f8,0x00000000a8a80000)
 Metaspace       used 61697K, capacity 63674K, committed 63744K, reserved 1105920K
  class space    used 7825K, capacity 8180K, committed 8192K, reserved 1048576K
Event: 443,831 GC heap after
Heap after GC invocations=17 (full 5):
 PSYoungGen      total 494080K, used 1024K [0x00000000e0000000, 0x00000000ffe80000, 0x0000000100000000)
  eden space 465408K, 0% used [0x00000000e0000000,0x00000000e0000000,0x00000000fc680000)
  from space 28672K, 3% used [0x00000000fe280000,0x00000000fe380030,0x00000000ffe80000)
  to   space 28672K, 0% used [0x00000000fc680000,0x00000000fc680000,0x00000000fe280000)
 ParOldGen       total 141824K, used 32565K [0x00000000a0000000, 0x00000000a8a80000, 0x00000000e0000000)
  object space 141824K, 22% used [0x00000000a0000000,0x00000000a1fcd5f8,0x00000000a8a80000)
 Metaspace       used 61697K, capacity 63674K, committed 63744K, reserved 1105920K
  class space    used 7825K, capacity 8180K, committed 8192K, reserved 1048576K
}
Event: 443,831 GC heap before
{Heap before GC invocations=18 (full 6):
 PSYoungGen      total 494080K, used 1024K [0x00000000e0000000, 0x00000000ffe80000, 0x0000000100000000)
  eden space 465408K, 0% used [0x00000000e0000000,0x00000000e0000000,0x00000000fc680000)
  from space 28672K, 3% used [0x00000000fe280000,0x00000000fe380030,0x00000000ffe80000)
  to   space 28672K, 0% used [0x00000000fc680000,0x00000000fc680000,0x00000000fe280000)
 ParOldGen       total 141824K, used 32565K [0x00000000a0000000, 0x00000000a8a80000, 0x00000000e0000000)
  object space 141824K, 22% used [0x00000000a0000000,0x00000000a1fcd5f8,0x00000000a8a80000)
 Metaspace       used 61697K, capacity 63674K, committed 63744K, reserved 1105920K
  class space    used 7825K, capacity 8180K, committed 8192K, reserved 1048576K
Event: 444,008 GC heap after
Heap after GC invocations=18 (full 6):
 PSYoungGen      total 494080K, used 0K [0x00000000e0000000, 0x00000000ffe80000, 0x0000000100000000)
  eden space 465408K, 0% used [0x00000000e0000000,0x00000000e0000000,0x00000000fc680000)
  from space 28672K, 0% used [0x00000000fe280000,0x00000000fe280000,0x00000000ffe80000)
  to   space 28672K, 0% used [0x00000000fc680000,0x00000000fc680000,0x00000000fe280000)
 ParOldGen       total 141824K, used 32049K [0x00000000a0000000, 0x00000000a8a80000, 0x00000000e0000000)
  object space 141824K, 22% used [0x00000000a0000000,0x00000000a1f4c780,0x00000000a8a80000)
 Metaspace       used 61697K, capacity 63674K, committed 63744K, reserved 1105920K
  class space    used 7825K, capacity 8180K, committed 8192K, reserved 1048576K
}
Event: 876,518 GC heap before
{Heap before GC invocations=19 (full 6):
 PSYoungGen      total 494080K, used 128246K [0x00000000e0000000, 0x00000000ffe80000, 0x0000000100000000)
  eden space 465408K, 27% used [0x00000000e0000000,0x00000000e7d3da68,0x00000000fc680000)
  from space 28672K, 0% used [0x00000000fe280000,0x00000000fe280000,0x00000000ffe80000)
  to   space 28672K, 0% used [0x00000000fc680000,0x00000000fc680000,0x00000000fe280000)
 ParOldGen       total 141824K, used 32049K [0x00000000a0000000, 0x00000000a8a80000, 0x00000000e0000000)
  object space 141824K, 22% used [0x00000000a0000000,0x00000000a1f4c780,0x00000000a8a80000)
 Metaspace       used 61994K, capacity 63970K, committed 64000K, reserved 1105920K
  class space    used 7835K, capacity 8190K, committed 8192K, reserved 1048576K
Event: 876,521 GC heap after
Heap after GC invocations=19 (full 6):
 PSYoungGen      total 466944K, used 1264K [0x00000000e0000000, 0x00000000ffd80000, 0x0000000100000000)
  eden space 465408K, 0% used [0x00000000e0000000,0x00000000e0000000,0x00000000fc680000)
  from space 1536K, 82% used [0x00000000fc680000,0x00000000fc7bc020,0x00000000fc800000)
  to   space 28160K, 0% used [0x00000000fe200000,0x00000000fe200000,0x00000000ffd80000)
 ParOldGen       total 141824K, used 32057K [0x00000000a0000000, 0x00000000a8a80000, 0x00000000e0000000)
  object space 141824K, 22% used [0x00000000a0000000,0x00000000a1f4e780,0x00000000a8a80000)
 Metaspace       used 61994K, capacity 63970K, committed 64000K, reserved 1105920K
  class space    used 7835K, capacity 8190K, committed 8192K, reserved 1048576K
}
Event: 876,521 GC heap before
{Heap before GC invocations=20 (full 7):
 PSYoungGen      total 466944K, used 1264K [0x00000000e0000000, 0x00000000ffd80000, 0x0000000100000000)
  eden space 465408K, 0% used [0x00000000e0000000,0x00000000e0000000,0x00000000fc680000)
  from space 1536K, 82% used [0x00000000fc680000,0x00000000fc7bc020,0x00000000fc800000)
  to   space 28160K, 0% used [0x00000000fe200000,0x00000000fe200000,0x00000000ffd80000)
 ParOldGen       total 141824K, used 32057K [0x00000000a0000000, 0x00000000a8a80000, 0x00000000e0000000)
  object space 141824K, 22% used [0x00000000a0000000,0x00000000a1f4e780,0x00000000a8a80000)
 Metaspace       used 61994K, capacity 63970K, committed 64000K, reserved 1105920K
  class space    used 7835K, capacity 8190K, committed 8192K, reserved 1048576K
Event: 876,615 GC heap after
Heap after GC invocations=20 (full 7):
 PSYoungGen      total 466944K, used 0K [0x00000000e0000000, 0x00000000ffd80000, 0x0000000100000000)
  eden space 465408K, 0% used [0x00000000e0000000,0x00000000e0000000,0x00000000fc680000)
  from space 1536K, 0% used [0x00000000fc680000,0x00000000fc680000,0x00000000fc800000)
  to   space 28160K, 0% used [0x00000000fe200000,0x00000000fe200000,0x00000000ffd80000)
 ParOldGen       total 141824K, used 32992K [0x00000000a0000000, 0x00000000a8a80000, 0x00000000e0000000)
  object space 141824K, 23% used [0x00000000a0000000,0x00000000a2038118,0x00000000a8a80000)
 Metaspace       used 61994K, capacity 63970K, committed 64000K, reserved 1105920K
  class space    used 7835K, capacity 8190K, committed 8192K, reserved 1048576K
}

